生成启动时间为 2016/3/17 23:19:42。
     1>项目“E:\阳光学院\13级软件工程\大三下\现代软件工程构建之法\WC\WC\WC.vcxproj”在节点 2 上(build 个目标)。
     1>PrepareForBuild:
         正在创建目录“E:\阳光学院\13级软件工程\大三下\现代软件工程构建之法\WC\Release\”。
       InitializeBuildStatus:
         正在创建“Release\WC.unsuccessfulbuild”，因为已指定“AlwaysCreate”。
       ClCompile:
         D:\vs2010\VC\bin\CL.exe /c /Zi /nologo /W3 /WX- /O2 /Oi /Oy- /GL /D WIN32 /D NDEBUG /D _CONSOLE /D _UNICODE /D UNICODE /Gm- /EHsc /MD /GS /Gy /fp:precise /Zc:wchar_t /Zc:forScope /Fo"Release\\" /Fd"Release\vc100.pdb" /Gd /TP /analyze- /errorReport:prompt WC.cpp
         WC.cpp
     1>WC.cpp(12): warning C4996: 'scanf': This function or variable may be unsafe. Consider using scanf_s instead. To disable deprecation, use _CRT_SECURE_NO_WARNINGS. See online help for details.
                 D:\vs2010\VC\include\stdio.h(304) : 参见“scanf”的声明
     1>WC.cpp(30): warning C4996: 'fopen': This function or variable may be unsafe. Consider using fopen_s instead. To disable deprecation, use _CRT_SECURE_NO_WARNINGS. See online help for details.
                 D:\vs2010\VC\include\stdio.h(234) : 参见“fopen”的声明
       Link:
         D:\vs2010\VC\bin\link.exe /ERRORREPORT:PROMPT /OUT:"E:\阳光学院\13级软件工程\大三下\现代软件工程构建之法\WC\Release\WC.exe" /INCREMENTAL:NO /NOLOGO kernel32.lib user32.lib gdi32.lib winspool.lib comdlg32.lib advapi32.lib shell32.lib ole32.lib oleaut32.lib uuid.lib odbc32.lib odbccp32.lib /MANIFEST /ManifestFile:"Release\WC.exe.intermediate.manifest" /MANIFESTUAC:"level='asInvoker' uiAccess='false'" /DEBUG /PDB:"E:\阳光学院\13级软件工程\大三下\现代软件工程构建之法\WC\Release\WC.pdb" /SUBSYSTEM:CONSOLE /OPT:REF /OPT:ICF /LTCG /TLBID:1 /DYNAMICBASE /NXCOMPAT /IMPLIB:"E:\阳光学院\13级软件工程\大三下\现代软件工程构建之法\WC\Release\WC.lib" /MACHINE:X86 Release\WC.obj
         正在生成代码
         已完成代码的生成
         WC.vcxproj -> E:\阳光学院\13级软件工程\大三下\现代软件工程构建之法\WC\Release\WC.exe
       Manifest:
         C:\Program Files\Microsoft SDKs\Windows\v7.0A\bin\mt.exe /nologo /verbose /outputresource:"E:\阳光学院\13级软件工程\大三下\现代软件工程构建之法\WC\Release\WC.exe;#1" /manifest Release\WC.exe.intermediate.manifest
       FinalizeBuildStatus:
         正在删除文件“Release\WC.unsuccessfulbuild”。
         正在对“Release\WC.lastbuildstate”执行 Touch 任务。
     1>已完成生成项目“E:\阳光学院\13级软件工程\大三下\现代软件工程构建之法\WC\WC\WC.vcxproj”(build 个目标)的操作。

生成成功。

已用时间 00:00:00.68
